2014-07-31 04:08:41 Error: [MissingControllerException] Controller class ImgController could not be found.
Exception Attributes: array (
  'class' => 'ImgController',
  'plugin' => NULL,
)
Request URL: /git/data-json/img/ajax/ajax-loader.gif
Stack Trace:
#0 /Applications/XAMPP/xamppfiles/htdocs/git/data-json/app/webroot/index.php(108): Dispatcher->dispatch(Object(CakeRequest), Object(CakeResponse))
#1 {main}
2014-07-31 04:08:41 Error: [MissingControllerException] Controller class States.jsonController could not be found.
Exception Attributes: array (
  'class' => 'States.jsonController',
  'plugin' => NULL,
)
Request URL: /git/data-json/states.json
Stack Trace:
#0 /Applications/XAMPP/xamppfiles/htdocs/git/data-json/app/webroot/index.php(108): Dispatcher->dispatch(Object(CakeRequest), Object(CakeResponse))
#1 {main}
2014-07-31 04:08:42 Error: [MissingActionException] Action StatesController::data.json() could not be found.
Exception Attributes: array (
  'controller' => 'StatesController',
  'action' => 'data.json',
)
Request URL: /git/data-json/states/data.json
Stack Trace:
#0 /Applications/XAMPP/xamppfiles/htdocs/git/data-json/lib/Cake/Routing/Dispatcher.php(191): Controller->invokeAction(Object(CakeRequest))
#1 /Applications/XAMPP/xamppfiles/htdocs/git/data-json/lib/Cake/Routing/Dispatcher.php(165): Dispatcher->_invoke(Object(StatesController), Object(CakeRequest))
#2 /Applications/XAMPP/xamppfiles/htdocs/git/data-json/app/webroot/index.php(108): Dispatcher->dispatch(Object(CakeRequest), Object(CakeResponse))
#3 {main}
2014-07-31 04:08:42 Error: [MissingActionException] Action StatesController::data.json() could not be found.
Exception Attributes: array (
  'controller' => 'StatesController',
  'action' => 'data.json',
)
Request URL: /git/data-json/states/data.json
Stack Trace:
#0 /Applications/XAMPP/xamppfiles/htdocs/git/data-json/lib/Cake/Routing/Dispatcher.php(191): Controller->invokeAction(Object(CakeRequest))
#1 /Applications/XAMPP/xamppfiles/htdocs/git/data-json/lib/Cake/Routing/Dispatcher.php(165): Dispatcher->_invoke(Object(StatesController), Object(CakeRequest))
#2 /Applications/XAMPP/xamppfiles/htdocs/git/data-json/app/webroot/index.php(108): Dispatcher->dispatch(Object(CakeRequest), Object(CakeResponse))
#3 {main}
2014-07-31 04:08:51 Error: [MissingControllerException] Controller class ImgController could not be found.
Exception Attributes: array (
  'class' => 'ImgController',
  'plugin' => NULL,
)
Request URL: /git/data-json/img/ajax/ajax-loader.gif
Stack Trace:
#0 /Applications/XAMPP/xamppfiles/htdocs/git/data-json/app/webroot/index.php(108): Dispatcher->dispatch(Object(CakeRequest), Object(CakeResponse))
#1 {main}
2014-07-31 04:08:52 Error: [MissingControllerException] Controller class States.jsonController could not be found.
Exception Attributes: array (
  'class' => 'States.jsonController',
  'plugin' => NULL,
)
Request URL: /git/data-json/states.json
Stack Trace:
#0 /Applications/XAMPP/xamppfiles/htdocs/git/data-json/app/webroot/index.php(108): Dispatcher->dispatch(Object(CakeRequest), Object(CakeResponse))
#1 {main}
2014-07-31 04:08:52 Error: [MissingActionException] Action StatesController::data.json() could not be found.
Exception Attributes: array (
  'controller' => 'StatesController',
  'action' => 'data.json',
)
Request URL: /git/data-json/states/data.json
Stack Trace:
#0 /Applications/XAMPP/xamppfiles/htdocs/git/data-json/lib/Cake/Routing/Dispatcher.php(191): Controller->invokeAction(Object(CakeRequest))
#1 /Applications/XAMPP/xamppfiles/htdocs/git/data-json/lib/Cake/Routing/Dispatcher.php(165): Dispatcher->_invoke(Object(StatesController), Object(CakeRequest))
#2 /Applications/XAMPP/xamppfiles/htdocs/git/data-json/app/webroot/index.php(108): Dispatcher->dispatch(Object(CakeRequest), Object(CakeResponse))
#3 {main}
2014-07-31 04:08:52 Error: [MissingActionException] Action StatesController::data.json() could not be found.
Exception Attributes: array (
  'controller' => 'StatesController',
  'action' => 'data.json',
)
Request URL: /git/data-json/states/data.json
Stack Trace:
#0 /Applications/XAMPP/xamppfiles/htdocs/git/data-json/lib/Cake/Routing/Dispatcher.php(191): Controller->invokeAction(Object(CakeRequest))
#1 /Applications/XAMPP/xamppfiles/htdocs/git/data-json/lib/Cake/Routing/Dispatcher.php(165): Dispatcher->_invoke(Object(StatesController), Object(CakeRequest))
#2 /Applications/XAMPP/xamppfiles/htdocs/git/data-json/app/webroot/index.php(108): Dispatcher->dispatch(Object(CakeRequest), Object(CakeResponse))
#3 {main}
2014-07-31 04:08:59 Error: [MissingControllerException] Controller class ImgController could not be found.
Exception Attributes: array (
  'class' => 'ImgController',
  'plugin' => NULL,
)
Request URL: /git/data-json/img/ajax/ajax-loader.gif
Stack Trace:
#0 /Applications/XAMPP/xamppfiles/htdocs/git/data-json/app/webroot/index.php(108): Dispatcher->dispatch(Object(CakeRequest), Object(CakeResponse))
#1 {main}
2014-07-31 04:09:26 Error: [MissingControllerException] Controller class ImgController could not be found.
Exception Attributes: array (
  'class' => 'ImgController',
  'plugin' => NULL,
)
Request URL: /git/data-json/img/ajax/ajax-loader.gif
Stack Trace:
#0 /Applications/XAMPP/xamppfiles/htdocs/git/data-json/app/webroot/index.php(108): Dispatcher->dispatch(Object(CakeRequest), Object(CakeResponse))
#1 {main}
2014-07-31 04:09:39 Error: [MissingControllerException] Controller class ImgController could not be found.
Exception Attributes: array (
  'class' => 'ImgController',
  'plugin' => NULL,
)
Request URL: /git/data-json/img/ajax/ajax-loader.gif
Stack Trace:
#0 /Applications/XAMPP/xamppfiles/htdocs/git/data-json/app/webroot/index.php(108): Dispatcher->dispatch(Object(CakeRequest), Object(CakeResponse))
#1 {main}
2014-07-31 04:42:25 Error: [MissingControllerException] Controller class ImgController could not be found.
Exception Attributes: array (
  'class' => 'ImgController',
  'plugin' => NULL,
)
Request URL: /git/data-json/img/ajax/ajax-loader.gif
Stack Trace:
#0 /Applications/XAMPP/xamppfiles/htdocs/git/data-json/app/webroot/index.php(108): Dispatcher->dispatch(Object(CakeRequest), Object(CakeResponse))
#1 {main}
