2014-07-30 18:33:54 Error: [PDOException] SQLSTATE[42S22]: Column not found: 1054 Unknown column 'State' in 'where clause'
Request URL: /2014/jsonstates/states.json
Stack Trace:
#0 /Applications/XAMPP/xamppfiles/htdocs/cakephp-2.5.1/lib/Cake/Model/Datasource/DboSource.php(458): PDOStatement->execute(Array)
#1 /Applications/XAMPP/xamppfiles/htdocs/cakephp-2.5.1/lib/Cake/Model/Datasource/DboSource.php(424): DboSource->_execute('SELECT `State`....', Array)
#2 /Applications/XAMPP/xamppfiles/htdocs/cakephp-2.5.1/lib/Cake/Model/Datasource/DboSource.php(666): DboSource->execute('SELECT `State`....', Array, Array)
#3 /Applications/XAMPP/xamppfiles/htdocs/cakephp-2.5.1/lib/Cake/Model/Datasource/DboSource.php(1106): DboSource->fetchAll('SELECT `State`....', false)
#4 /Applications/XAMPP/xamppfiles/htdocs/cakephp-2.5.1/lib/Cake/Model/Model.php(2905): DboSource->read(Object(State), Array)
#5 /Applications/XAMPP/xamppfiles/htdocs/cakephp-2.5.1/lib/Cake/Model/Model.php(2877): Model->_readDataSource('all', Array)
#6 /Applications/XAMPP/xamppfiles/htdocs/cakephp-2.5.1/lib/Cake/Controller/Component/PaginatorComponent.php(196): Model->find('all', Array)
#7 /Applications/XAMPP/xamppfiles/htdocs/2014/jsonstates/Controller/StatesController.php(33): PaginatorComponent->paginate(Array)
#8 [internal function]: StatesController->index()
#9 /Applications/XAMPP/xamppfiles/htdocs/cakephp-2.5.1/lib/Cake/Controller/Controller.php(490): ReflectionMethod->invokeArgs(Object(StatesController), Array)
#10 /Applications/XAMPP/xamppfiles/htdocs/cakephp-2.5.1/lib/Cake/Routing/Dispatcher.php(191): Controller->invokeAction(Object(CakeRequest))
#11 /Applications/XAMPP/xamppfiles/htdocs/cakephp-2.5.1/lib/Cake/Routing/Dispatcher.php(165): Dispatcher->_invoke(Object(StatesController), Object(CakeRequest))
#12 /Applications/XAMPP/xamppfiles/htdocs/2014/jsonstates/webroot/index.php(99): Dispatcher->dispatch(Object(CakeRequest), Object(CakeResponse))
#13 {main}
2014-07-30 18:33:59 Error: [PDOException] SQLSTATE[42S22]: Column not found: 1054 Unknown column 'State' in 'where clause'
Request URL: /2014/jsonstates/states
Stack Trace:
#0 /Applications/XAMPP/xamppfiles/htdocs/cakephp-2.5.1/lib/Cake/Model/Datasource/DboSource.php(458): PDOStatement->execute(Array)
#1 /Applications/XAMPP/xamppfiles/htdocs/cakephp-2.5.1/lib/Cake/Model/Datasource/DboSource.php(424): DboSource->_execute('SELECT `State`....', Array)
#2 /Applications/XAMPP/xamppfiles/htdocs/cakephp-2.5.1/lib/Cake/Model/Datasource/DboSource.php(666): DboSource->execute('SELECT `State`....', Array, Array)
#3 /Applications/XAMPP/xamppfiles/htdocs/cakephp-2.5.1/lib/Cake/Model/Datasource/DboSource.php(1106): DboSource->fetchAll('SELECT `State`....', false)
#4 /Applications/XAMPP/xamppfiles/htdocs/cakephp-2.5.1/lib/Cake/Model/Model.php(2905): DboSource->read(Object(State), Array)
#5 /Applications/XAMPP/xamppfiles/htdocs/cakephp-2.5.1/lib/Cake/Model/Model.php(2877): Model->_readDataSource('all', Array)
#6 /Applications/XAMPP/xamppfiles/htdocs/cakephp-2.5.1/lib/Cake/Controller/Component/PaginatorComponent.php(196): Model->find('all', Array)
#7 /Applications/XAMPP/xamppfiles/htdocs/2014/jsonstates/Controller/StatesController.php(33): PaginatorComponent->paginate(Array)
#8 [internal function]: StatesController->index()
#9 /Applications/XAMPP/xamppfiles/htdocs/cakephp-2.5.1/lib/Cake/Controller/Controller.php(490): ReflectionMethod->invokeArgs(Object(StatesController), Array)
#10 /Applications/XAMPP/xamppfiles/htdocs/cakephp-2.5.1/lib/Cake/Routing/Dispatcher.php(191): Controller->invokeAction(Object(CakeRequest))
#11 /Applications/XAMPP/xamppfiles/htdocs/cakephp-2.5.1/lib/Cake/Routing/Dispatcher.php(165): Dispatcher->_invoke(Object(StatesController), Object(CakeRequest))
#12 /Applications/XAMPP/xamppfiles/htdocs/2014/jsonstates/webroot/index.php(99): Dispatcher->dispatch(Object(CakeRequest), Object(CakeResponse))
#13 {main}
2014-07-30 18:39:19 Error: [MissingControllerException] Controller class DataController could not be found.
Exception Attributes: array (
  'class' => 'DataController',
  'plugin' => NULL,
)
Request URL: /2014/jsonstates/data.json
Stack Trace:
#0 /Applications/XAMPP/xamppfiles/htdocs/2014/jsonstates/webroot/index.php(99): Dispatcher->dispatch(Object(CakeRequest), Object(CakeResponse))
#1 {main}
2014-07-30 18:48:39 Error: [MissingViewException] View file "/Applications/XAMPP/xamppfiles/htdocs/2014/jsonstates/View/States/json/index.ctp" is missing.
Exception Attributes: array (
  'file' => '/Applications/XAMPP/xamppfiles/htdocs/2014/jsonstates/View/States/json/index.ctp',
)
Request URL: /2014/jsonstates/states.json
Stack Trace:
#0 /Applications/XAMPP/xamppfiles/htdocs/cakephp-2.5.1/lib/Cake/View/JsonView.php(107): View->_getViewFileName(NULL)
#1 /Applications/XAMPP/xamppfiles/htdocs/cakephp-2.5.1/lib/Cake/Controller/Controller.php(954): JsonView->render(NULL, NULL)
#2 /Applications/XAMPP/xamppfiles/htdocs/cakephp-2.5.1/lib/Cake/Routing/Dispatcher.php(198): Controller->render()
#3 /Applications/XAMPP/xamppfiles/htdocs/cakephp-2.5.1/lib/Cake/Routing/Dispatcher.php(165): Dispatcher->_invoke(Object(StatesController), Object(CakeRequest))
#4 /Applications/XAMPP/xamppfiles/htdocs/2014/jsonstates/webroot/index.php(99): Dispatcher->dispatch(Object(CakeRequest), Object(CakeResponse))
#5 {main}
2014-07-30 18:48:40 Error: [MissingViewException] View file "/Applications/XAMPP/xamppfiles/htdocs/2014/jsonstates/View/States/json/index.ctp" is missing.
Exception Attributes: array (
  'file' => '/Applications/XAMPP/xamppfiles/htdocs/2014/jsonstates/View/States/json/index.ctp',
)
Request URL: /2014/jsonstates/states.json
Stack Trace:
#0 /Applications/XAMPP/xamppfiles/htdocs/cakephp-2.5.1/lib/Cake/View/JsonView.php(107): View->_getViewFileName(NULL)
#1 /Applications/XAMPP/xamppfiles/htdocs/cakephp-2.5.1/lib/Cake/Controller/Controller.php(954): JsonView->render(NULL, NULL)
#2 /Applications/XAMPP/xamppfiles/htdocs/cakephp-2.5.1/lib/Cake/Routing/Dispatcher.php(198): Controller->render()
#3 /Applications/XAMPP/xamppfiles/htdocs/cakephp-2.5.1/lib/Cake/Routing/Dispatcher.php(165): Dispatcher->_invoke(Object(StatesController), Object(CakeRequest))
#4 /Applications/XAMPP/xamppfiles/htdocs/2014/jsonstates/webroot/index.php(99): Dispatcher->dispatch(Object(CakeRequest), Object(CakeResponse))
#5 {main}
2014-07-31 03:42:14 Error: [MissingActionException] Action StatesController::datac() could not be found.
Exception Attributes: array (
  'controller' => 'StatesController',
  'action' => 'datac',
)
Request URL: /2014/jsonstates/states/datac.json
Stack Trace:
#0 /Applications/XAMPP/xamppfiles/htdocs/cakephp-2.5.1/lib/Cake/Routing/Dispatcher.php(191): Controller->invokeAction(Object(CakeRequest))
#1 /Applications/XAMPP/xamppfiles/htdocs/cakephp-2.5.1/lib/Cake/Routing/Dispatcher.php(165): Dispatcher->_invoke(Object(StatesController), Object(CakeRequest))
#2 /Applications/XAMPP/xamppfiles/htdocs/2014/jsonstates/webroot/index.php(99): Dispatcher->dispatch(Object(CakeRequest), Object(CakeResponse))
#3 {main}
2014-07-31 03:44:32 Error: [MissingActionException] Action StatesController::datac() could not be found.
Exception Attributes: array (
  'controller' => 'StatesController',
  'action' => 'datac',
)
Request URL: /2014/jsonstates/states/datac.json
Stack Trace:
#0 /Applications/XAMPP/xamppfiles/htdocs/cakephp-2.5.1/lib/Cake/Routing/Dispatcher.php(191): Controller->invokeAction(Object(CakeRequest))
#1 /Applications/XAMPP/xamppfiles/htdocs/cakephp-2.5.1/lib/Cake/Routing/Dispatcher.php(165): Dispatcher->_invoke(Object(StatesController), Object(CakeRequest))
#2 /Applications/XAMPP/xamppfiles/htdocs/2014/jsonstates/webroot/index.php(99): Dispatcher->dispatch(Object(CakeRequest), Object(CakeResponse))
#3 {main}
2014-07-31 03:45:29 Error: [MissingActionException] Action StatesController::datac() could not be found.
Exception Attributes: array (
  'controller' => 'StatesController',
  'action' => 'datac',
)
Request URL: /2014/jsonstates/states/datac.json
Stack Trace:
#0 /Applications/XAMPP/xamppfiles/htdocs/cakephp-2.5.1/lib/Cake/Routing/Dispatcher.php(191): Controller->invokeAction(Object(CakeRequest))
#1 /Applications/XAMPP/xamppfiles/htdocs/cakephp-2.5.1/lib/Cake/Routing/Dispatcher.php(165): Dispatcher->_invoke(Object(StatesController), Object(CakeRequest))
#2 /Applications/XAMPP/xamppfiles/htdocs/2014/jsonstates/webroot/index.php(99): Dispatcher->dispatch(Object(CakeRequest), Object(CakeResponse))
#3 {main}
2014-07-31 03:45:41 Error: [MissingActionException] Action StatesController::datac() could not be found.
Exception Attributes: array (
  'controller' => 'StatesController',
  'action' => 'datac',
)
Request URL: /2014/jsonstates/states/datac.json
Stack Trace:
#0 /Applications/XAMPP/xamppfiles/htdocs/cakephp-2.5.1/lib/Cake/Routing/Dispatcher.php(191): Controller->invokeAction(Object(CakeRequest))
#1 /Applications/XAMPP/xamppfiles/htdocs/cakephp-2.5.1/lib/Cake/Routing/Dispatcher.php(165): Dispatcher->_invoke(Object(StatesController), Object(CakeRequest))
#2 /Applications/XAMPP/xamppfiles/htdocs/2014/jsonstates/webroot/index.php(99): Dispatcher->dispatch(Object(CakeRequest), Object(CakeResponse))
#3 {main}
